c:\users\joka8837\onedrive\c++ projects\thenextfrontier\thenextfrontier\thenextfrontier\x64\debug\cameraclass.nativecodeanalysis.xml
c:\users\joka8837\onedrive\c++ projects\thenextfrontier\thenextfrontier\thenextfrontier\x64\debug\colorshaderclass.nativecodeanalysis.xml
c:\users\joka8837\onedrive\c++ projects\thenextfrontier\thenextfrontier\thenextfrontier\x64\debug\d3dclass.nativecodeanalysis.xml
c:\users\joka8837\onedrive\c++ projects\thenextfrontier\thenextfrontier\thenextfrontier\x64\debug\fontclass.nativecodeanalysis.xml
c:\users\joka8837\onedrive\c++ projects\thenextfrontier\thenextfrontier\thenextfrontier\x64\debug\fontshaderclass.nativecodeanalysis.xml
c:\users\joka8837\onedrive\c++ projects\thenextfrontier\thenextfrontier\thenextfrontier\x64\debug\fpsclass.nativecodeanalysis.xml
c:\users\joka8837\onedrive\c++ projects\thenextfrontier\thenextfrontier\thenextfrontier\x64\debug\applicationclass.nativecodeanalysis.xml
c:\users\joka8837\onedrive\c++ projects\thenextfrontier\thenextfrontier\thenextfrontier\x64\debug\frustumclass.nativecodeanalysis.xml
c:\users\joka8837\onedrive\c++ projects\thenextfrontier\thenextfrontier\thenextfrontier\x64\debug\inputclass.nativecodeanalysis.xml
c:\users\joka8837\onedrive\c++ projects\thenextfrontier\thenextfrontier\thenextfrontier\x64\debug\marsclass.nativecodeanalysis.xml
c:\users\joka8837\onedrive\c++ projects\thenextfrontier\thenextfrontier\thenextfrontier\x64\debug\positionclass.nativecodeanalysis.xml
c:\users\joka8837\onedrive\c++ projects\thenextfrontier\thenextfrontier\thenextfrontier\x64\debug\shadermanagerclass.nativecodeanalysis.xml
c:\users\joka8837\onedrive\c++ projects\thenextfrontier\thenextfrontier\thenextfrontier\x64\debug\systemclass.nativecodeanalysis.xml
c:\users\joka8837\onedrive\c++ projects\thenextfrontier\thenextfrontier\thenextfrontier\x64\debug\textclass.nativecodeanalysis.xml
c:\users\joka8837\onedrive\c++ projects\thenextfrontier\thenextfrontier\thenextfrontier\x64\debug\textureclass.nativecodeanalysis.xml
c:\users\joka8837\onedrive\c++ projects\thenextfrontier\thenextfrontier\thenextfrontier\x64\debug\thenextfrontier.nativecodeanalysis.xml
c:\users\joka8837\onedrive\c++ projects\thenextfrontier\thenextfrontier\thenextfrontier\x64\debug\timerclass.nativecodeanalysis.xml
c:\users\joka8837\onedrive\c++ projects\thenextfrontier\thenextfrontier\thenextfrontier\x64\debug\uiclass.nativecodeanalysis.xml
c:\users\joka8837\onedrive\c++ projects\thenextfrontier\thenextfrontier\thenextfrontier\x64\debug\universeclass.nativecodeanalysis.xml
c:\users\joka8837\onedrive\c++ projects\thenextfrontier\thenextfrontier\thenextfrontier\x64\debug\vc141.pdb
c:\users\joka8837\onedrive\c++ projects\thenextfrontier\thenextfrontier\thenextfrontier\x64\debug\vc141.idb
c:\users\joka8837\onedrive\c++ projects\thenextfrontier\thenextfrontier\thenextfrontier\x64\debug\cameraclass.obj
c:\users\joka8837\onedrive\c++ projects\thenextfrontier\thenextfrontier\thenextfrontier\x64\debug\colorshaderclass.obj
c:\users\joka8837\onedrive\c++ projects\thenextfrontier\thenextfrontier\thenextfrontier\x64\debug\d3dclass.obj
c:\users\joka8837\onedrive\c++ projects\thenextfrontier\thenextfrontier\thenextfrontier\x64\debug\fontclass.obj
c:\users\joka8837\onedrive\c++ projects\thenextfrontier\thenextfrontier\thenextfrontier\x64\debug\fontshaderclass.obj
c:\users\joka8837\onedrive\c++ projects\thenextfrontier\thenextfrontier\thenextfrontier\x64\debug\fpsclass.obj
c:\users\joka8837\onedrive\c++ projects\thenextfrontier\thenextfrontier\thenextfrontier\x64\debug\applicationclass.obj
c:\users\joka8837\onedrive\c++ projects\thenextfrontier\thenextfrontier\thenextfrontier\x64\debug\frustumclass.obj
c:\users\joka8837\onedrive\c++ projects\thenextfrontier\thenextfrontier\thenextfrontier\x64\debug\inputclass.obj
c:\users\joka8837\onedrive\c++ projects\thenextfrontier\thenextfrontier\thenextfrontier\x64\debug\marsclass.obj
c:\users\joka8837\onedrive\c++ projects\thenextfrontier\thenextfrontier\thenextfrontier\x64\debug\positionclass.obj
c:\users\joka8837\onedrive\c++ projects\thenextfrontier\thenextfrontier\thenextfrontier\x64\debug\shadermanagerclass.obj
c:\users\joka8837\onedrive\c++ projects\thenextfrontier\thenextfrontier\thenextfrontier\x64\debug\systemclass.obj
c:\users\joka8837\onedrive\c++ projects\thenextfrontier\thenextfrontier\thenextfrontier\x64\debug\textclass.obj
c:\users\joka8837\onedrive\c++ projects\thenextfrontier\thenextfrontier\thenextfrontier\x64\debug\textureclass.obj
c:\users\joka8837\onedrive\c++ projects\thenextfrontier\thenextfrontier\thenextfrontier\x64\debug\thenextfrontier.obj
c:\users\joka8837\onedrive\c++ projects\thenextfrontier\thenextfrontier\thenextfrontier\x64\debug\timerclass.obj
c:\users\joka8837\onedrive\c++ projects\thenextfrontier\thenextfrontier\thenextfrontier\x64\debug\uiclass.obj
c:\users\joka8837\onedrive\c++ projects\thenextfrontier\thenextfrontier\thenextfrontier\x64\debug\universeclass.obj
c:\users\joka8837\onedrive\c++ projects\thenextfrontier\thenextfrontier\thenextfrontier\x64\debug\marsshaderclass.nativecodeanalysis.xml
c:\users\joka8837\onedrive\c++ projects\thenextfrontier\thenextfrontier\thenextfrontier\x64\debug\marsshaderclass.obj
c:\users\joka8837\onedrive\c++ projects\thenextfrontier\thenextfrontier\x64\debug\thenextfrontier.exe
c:\users\joka8837\onedrive\c++ projects\thenextfrontier\thenextfrontier\x64\debug\thenextfrontier.ilk
c:\users\joka8837\onedrive\c++ projects\thenextfrontier\thenextfrontier\x64\debug\thenextfrontier.pdb
c:\users\joka8837\onedrive\c++ projects\thenextfrontier\thenextfrontier\thenextfrontier\x64\debug\nativecodeanalysis.read.1.tlog
c:\users\joka8837\onedrive\c++ projects\thenextfrontier\thenextfrontier\thenextfrontier\x64\debug\vc.nativecodeanalysis.all.xml
c:\users\joka8837\onedrive\c++ projects\thenextfrontier\thenextfrontier\x64\debug\thenextfrontier.exe.lastcodeanalysissucceeded
c:\users\joka8837\onedrive\c++ projects\thenextfrontier\thenextfrontier\thenextfrontier\x64\debug\thenextfrontier.tlog\cl.command.1.tlog
c:\users\joka8837\onedrive\c++ projects\thenextfrontier\thenextfrontier\thenextfrontier\x64\debug\thenextfrontier.tlog\cl.read.1.tlog
c:\users\joka8837\onedrive\c++ projects\thenextfrontier\thenextfrontier\thenextfrontier\x64\debug\thenextfrontier.tlog\cl.write.1.tlog
c:\users\joka8837\onedrive\c++ projects\thenextfrontier\thenextfrontier\thenextfrontier\x64\debug\thenextfrontier.tlog\link.36196-cvtres.read.1.tlog
c:\users\joka8837\onedrive\c++ projects\thenextfrontier\thenextfrontier\thenextfrontier\x64\debug\thenextfrontier.tlog\link.36196-cvtres.write.1.tlog
c:\users\joka8837\onedrive\c++ projects\thenextfrontier\thenextfrontier\thenextfrontier\x64\debug\thenextfrontier.tlog\link.36196-rc.read.1.tlog
c:\users\joka8837\onedrive\c++ projects\thenextfrontier\thenextfrontier\thenextfrontier\x64\debug\thenextfrontier.tlog\link.36196-rc.write.1.tlog
c:\users\joka8837\onedrive\c++ projects\thenextfrontier\thenextfrontier\thenextfrontier\x64\debug\thenextfrontier.tlog\link.36196.read.1.tlog
c:\users\joka8837\onedrive\c++ projects\thenextfrontier\thenextfrontier\thenextfrontier\x64\debug\thenextfrontier.tlog\link.36196.write.1.tlog
c:\users\joka8837\onedrive\c++ projects\thenextfrontier\thenextfrontier\thenextfrontier\x64\debug\thenextfrontier.tlog\link.command.1.tlog
c:\users\joka8837\onedrive\c++ projects\thenextfrontier\thenextfrontier\thenextfrontier\x64\debug\thenextfrontier.tlog\link.read.1.tlog
c:\users\joka8837\onedrive\c++ projects\thenextfrontier\thenextfrontier\thenextfrontier\x64\debug\thenextfrontier.tlog\link.write.1.tlog
