  ApplicationClass.cpp
c:\users\joka8837\onedrive\c++ projects\thenextfrontier\thenextfrontier\thenextfrontier\cimg.h(47687): warning C4477: 'fprintf' : format string '%lu' requires an argument of type 'unsigned long', but variadic argument 14 has type 'unsigned __int64'
  c:\users\joka8837\onedrive\c++ projects\thenextfrontier\thenextfrontier\thenextfrontier\cimg.h(47687): note: consider using '%llu' in the format string
  c:\users\joka8837\onedrive\c++ projects\thenextfrontier\thenextfrontier\thenextfrontier\cimg.h(47687): note: consider using '%Iu' in the format string
  c:\users\joka8837\onedrive\c++ projects\thenextfrontier\thenextfrontier\thenextfrontier\cimg.h(47687): note: consider using '%I64u' in the format string
  c:\users\joka8837\onedrive\c++ projects\thenextfrontier\thenextfrontier\thenextfrontier\cimg.h(47673): note: while compiling class template member function 'const cimg_library::CImg<double> &cimg_library::CImg<double>::print(const char *const ,const bool) const'
  c:\users\joka8837\onedrive\c++ projects\thenextfrontier\thenextfrontier\thenextfrontier\cimg.h(47763): note: see reference to function template instantiation 'const cimg_library::CImg<double> &cimg_library::CImg<double>::print(const char *const ,const bool) const' being compiled
  c:\users\joka8837\onedrive\c++ projects\thenextfrontier\thenextfrontier\thenextfrontier\cimg.h(19602): note: see reference to class template instantiation 'cimg_library::CImg<double>' being compiled
  c:\users\joka8837\onedrive\c++ projects\thenextfrontier\thenextfrontier\thenextfrontier\cimg.h(51061): note: see reference to class template instantiation 'cimg_library::CImg<T>' being compiled
  MarsClass.cpp
c:\users\joka8837\onedrive\c++ projects\thenextfrontier\thenextfrontier\thenextfrontier\marsclass.cpp(94): warning C4267: '=': conversion from 'size_t' to 'UINT', possible loss of data
c:\users\joka8837\onedrive\c++ projects\thenextfrontier\thenextfrontier\thenextfrontier\marsclass.cpp(124): warning C4267: '=': conversion from 'size_t' to 'UINT', possible loss of data
c:\users\joka8837\onedrive\c++ projects\thenextfrontier\thenextfrontier\thenextfrontier\marsclass.cpp(233): warning C4244: 'argument': conversion from 'float' to 'int', possible loss of data
c:\users\joka8837\onedrive\c++ projects\thenextfrontier\thenextfrontier\thenextfrontier\marsclass.cpp(308): warning C4244: 'argument': conversion from 'double' to 'float', possible loss of data
c:\users\joka8837\onedrive\c++ projects\thenextfrontier\thenextfrontier\thenextfrontier\marsclass.cpp(612): warning C4302: 'type cast': truncation from 'const wchar_t *' to 'unsigned char'
c:\users\joka8837\onedrive\c++ projects\thenextfrontier\thenextfrontier\thenextfrontier\cimg.h(47687): warning C4477: 'fprintf' : format string '%lu' requires an argument of type 'unsigned long', but variadic argument 14 has type 'unsigned __int64'
  c:\users\joka8837\onedrive\c++ projects\thenextfrontier\thenextfrontier\thenextfrontier\cimg.h(47687): note: consider using '%llu' in the format string
  c:\users\joka8837\onedrive\c++ projects\thenextfrontier\thenextfrontier\thenextfrontier\cimg.h(47687): note: consider using '%Iu' in the format string
  c:\users\joka8837\onedrive\c++ projects\thenextfrontier\thenextfrontier\thenextfrontier\cimg.h(47687): note: consider using '%I64u' in the format string
  c:\users\joka8837\onedrive\c++ projects\thenextfrontier\thenextfrontier\thenextfrontier\cimg.h(47673): note: while compiling class template member function 'const cimg_library::CImg<double> &cimg_library::CImg<double>::print(const char *const ,const bool) const'
  c:\users\joka8837\onedrive\c++ projects\thenextfrontier\thenextfrontier\thenextfrontier\cimg.h(47763): note: see reference to function template instantiation 'const cimg_library::CImg<double> &cimg_library::CImg<double>::print(const char *const ,const bool) const' being compiled
  c:\users\joka8837\onedrive\c++ projects\thenextfrontier\thenextfrontier\thenextfrontier\cimg.h(19602): note: see reference to class template instantiation 'cimg_library::CImg<double>' being compiled
  c:\users\joka8837\onedrive\c++ projects\thenextfrontier\thenextfrontier\thenextfrontier\cimg.h(51061): note: see reference to class template instantiation 'cimg_library::CImg<T>' being compiled
  SystemClass.cpp
c:\users\joka8837\onedrive\c++ projects\thenextfrontier\thenextfrontier\thenextfrontier\cimg.h(47687): warning C4477: 'fprintf' : format string '%lu' requires an argument of type 'unsigned long', but variadic argument 14 has type 'unsigned __int64'
  c:\users\joka8837\onedrive\c++ projects\thenextfrontier\thenextfrontier\thenextfrontier\cimg.h(47687): note: consider using '%llu' in the format string
  c:\users\joka8837\onedrive\c++ projects\thenextfrontier\thenextfrontier\thenextfrontier\cimg.h(47687): note: consider using '%Iu' in the format string
  c:\users\joka8837\onedrive\c++ projects\thenextfrontier\thenextfrontier\thenextfrontier\cimg.h(47687): note: consider using '%I64u' in the format string
  c:\users\joka8837\onedrive\c++ projects\thenextfrontier\thenextfrontier\thenextfrontier\cimg.h(47673): note: while compiling class template member function 'const cimg_library::CImg<double> &cimg_library::CImg<double>::print(const char *const ,const bool) const'
  c:\users\joka8837\onedrive\c++ projects\thenextfrontier\thenextfrontier\thenextfrontier\cimg.h(47763): note: see reference to function template instantiation 'const cimg_library::CImg<double> &cimg_library::CImg<double>::print(const char *const ,const bool) const' being compiled
  c:\users\joka8837\onedrive\c++ projects\thenextfrontier\thenextfrontier\thenextfrontier\cimg.h(19602): note: see reference to class template instantiation 'cimg_library::CImg<double>' being compiled
  c:\users\joka8837\onedrive\c++ projects\thenextfrontier\thenextfrontier\thenextfrontier\cimg.h(51061): note: see reference to class template instantiation 'cimg_library::CImg<T>' being compiled
  TheNextFrontier.cpp
c:\users\joka8837\onedrive\c++ projects\thenextfrontier\thenextfrontier\thenextfrontier\cimg.h(47687): warning C4477: 'fprintf' : format string '%lu' requires an argument of type 'unsigned long', but variadic argument 14 has type 'unsigned __int64'
  c:\users\joka8837\onedrive\c++ projects\thenextfrontier\thenextfrontier\thenextfrontier\cimg.h(47687): note: consider using '%llu' in the format string
  c:\users\joka8837\onedrive\c++ projects\thenextfrontier\thenextfrontier\thenextfrontier\cimg.h(47687): note: consider using '%Iu' in the format string
  c:\users\joka8837\onedrive\c++ projects\thenextfrontier\thenextfrontier\thenextfrontier\cimg.h(47687): note: consider using '%I64u' in the format string
  c:\users\joka8837\onedrive\c++ projects\thenextfrontier\thenextfrontier\thenextfrontier\cimg.h(47673): note: while compiling class template member function 'const cimg_library::CImg<double> &cimg_library::CImg<double>::print(const char *const ,const bool) const'
  c:\users\joka8837\onedrive\c++ projects\thenextfrontier\thenextfrontier\thenextfrontier\cimg.h(47763): note: see reference to function template instantiation 'const cimg_library::CImg<double> &cimg_library::CImg<double>::print(const char *const ,const bool) const' being compiled
  c:\users\joka8837\onedrive\c++ projects\thenextfrontier\thenextfrontier\thenextfrontier\cimg.h(19602): note: see reference to class template instantiation 'cimg_library::CImg<double>' being compiled
  c:\users\joka8837\onedrive\c++ projects\thenextfrontier\thenextfrontier\thenextfrontier\cimg.h(51061): note: see reference to class template instantiation 'cimg_library::CImg<T>' being compiled
  UniverseClass.cpp
c:\users\joka8837\onedrive\c++ projects\thenextfrontier\thenextfrontier\thenextfrontier\cimg.h(47687): warning C4477: 'fprintf' : format string '%lu' requires an argument of type 'unsigned long', but variadic argument 14 has type 'unsigned __int64'
  c:\users\joka8837\onedrive\c++ projects\thenextfrontier\thenextfrontier\thenextfrontier\cimg.h(47687): note: consider using '%llu' in the format string
  c:\users\joka8837\onedrive\c++ projects\thenextfrontier\thenextfrontier\thenextfrontier\cimg.h(47687): note: consider using '%Iu' in the format string
  c:\users\joka8837\onedrive\c++ projects\thenextfrontier\thenextfrontier\thenextfrontier\cimg.h(47687): note: consider using '%I64u' in the format string
  c:\users\joka8837\onedrive\c++ projects\thenextfrontier\thenextfrontier\thenextfrontier\cimg.h(47673): note: while compiling class template member function 'const cimg_library::CImg<double> &cimg_library::CImg<double>::print(const char *const ,const bool) const'
  c:\users\joka8837\onedrive\c++ projects\thenextfrontier\thenextfrontier\thenextfrontier\cimg.h(47763): note: see reference to function template instantiation 'const cimg_library::CImg<double> &cimg_library::CImg<double>::print(const char *const ,const bool) const' being compiled
  c:\users\joka8837\onedrive\c++ projects\thenextfrontier\thenextfrontier\thenextfrontier\cimg.h(19602): note: see reference to class template instantiation 'cimg_library::CImg<double>' being compiled
  c:\users\joka8837\onedrive\c++ projects\thenextfrontier\thenextfrontier\thenextfrontier\cimg.h(51061): note: see reference to class template instantiation 'cimg_library::CImg<T>' being compiled
  Compiling...
  Generating Code...
  TheNextFrontier.vcxproj -> C:\Users\JOKA8837\OneDrive\C++ Projects\TheNextFrontier\TheNextFrontier\x64\Debug\TheNextFrontier.exe
c:\users\joka8837\onedrive\c++ projects\thenextfrontier\thenextfrontier\thenextfrontier\cameraclass.cpp(3): warning C26495: Variable 'CameraClass::mViewMatrix' is uninitialized. Always initialize a member variable (type.6).
c:\users\joka8837\onedrive\c++ projects\thenextfrontier\thenextfrontier\thenextfrontier\cameraclass.cpp(3): warning C26439: This kind of function may not throw. Declare it 'noexcept' (f.6).
c:\users\joka8837\onedrive\c++ projects\thenextfrontier\thenextfrontier\thenextfrontier\cameraclass.cpp(22): warning C26495: Variable 'CameraClass::mViewMatrix' is uninitialized. Always initialize a member variable (type.6).
c:\users\joka8837\onedrive\c++ projects\thenextfrontier\thenextfrontier\thenextfrontier\gametimeclass.cpp(3): warning C26495: Variable 'GameTimeClass::mGameTimeMS' is uninitialized. Always initialize a member variable (type.6).
c:\users\joka8837\onedrive\c++ projects\thenextfrontier\thenextfrontier\thenextfrontier\gametimeclass.cpp(3): warning C26439: This kind of function may not throw. Declare it 'noexcept' (f.6).
c:\users\joka8837\onedrive\c++ projects\thenextfrontier\thenextfrontier\thenextfrontier\gametimeclass.cpp(7): warning C26495: Variable 'GameTimeClass::mGameTimeMS' is uninitialized. Always initialize a member variable (type.6).
c:\users\joka8837\onedrive\c++ projects\thenextfrontier\thenextfrontier\thenextfrontier\lightclass.cpp(3): warning C26439: This kind of function may not throw. Declare it 'noexcept' (f.6).
c:\users\joka8837\onedrive\c++ projects\thenextfrontier\thenextfrontier\thenextfrontier\lightclass.cpp(3): warning C26495: Variable 'LightClass::mPosition' is uninitialized. Always initialize a member variable (type.6).
c:\users\joka8837\onedrive\c++ projects\thenextfrontier\thenextfrontier\thenextfrontier\lightclass.cpp(7): warning C26495: Variable 'LightClass::mPosition' is uninitialized. Always initialize a member variable (type.6).
c:\users\joka8837\onedrive\c++ projects\thenextfrontier\thenextfrontier\thenextfrontier\marsshaderclass.cpp(3): warning C26439: This kind of function may not throw. Declare it 'noexcept' (f.6).
c:\users\joka8837\onedrive\c++ projects\thenextfrontier\thenextfrontier\thenextfrontier\marsshaderclass.cpp(3): warning C26495: Variable 'MarsShaderClass::mMorphBuffer' is uninitialized. Always initialize a member variable (type.6).
c:\users\joka8837\onedrive\c++ projects\thenextfrontier\thenextfrontier\thenextfrontier\marsshaderclass.cpp(12): warning C26495: Variable 'MarsShaderClass::mVertexShader' is uninitialized. Always initialize a member variable (type.6).
c:\users\joka8837\onedrive\c++ projects\thenextfrontier\thenextfrontier\thenextfrontier\d3dclass.cpp(3): warning C26495: Variable 'D3DClass::mProjectionMatrix' is uninitialized. Always initialize a member variable (type.6).
c:\users\joka8837\onedrive\c++ projects\thenextfrontier\thenextfrontier\thenextfrontier\d3dclass.cpp(3): warning C26439: This kind of function may not throw. Declare it 'noexcept' (f.6).
c:\users\joka8837\onedrive\c++ projects\thenextfrontier\thenextfrontier\thenextfrontier\d3dclass.cpp(21): warning C26495: Variable 'D3DClass::mSwapChain' is uninitialized. Always initialize a member variable (type.6).
c:\users\joka8837\onedrive\c++ projects\thenextfrontier\thenextfrontier\thenextfrontier\d3dclass.cpp(139): warning C6001: Using uninitialized memory 'numerator'.
c:\users\joka8837\onedrive\c++ projects\thenextfrontier\thenextfrontier\thenextfrontier\d3dclass.cpp(140): warning C6001: Using uninitialized memory 'denominator'.
c:\users\joka8837\onedrive\c++ projects\thenextfrontier\thenextfrontier\thenextfrontier\d3dclass.cpp(72): warning C6001: Using uninitialized memory 'numModes'.
c:\users\joka8837\onedrive\c++ projects\thenextfrontier\thenextfrontier\thenextfrontier\fontclass.cpp(3): warning C26439: This kind of function may not throw. Declare it 'noexcept' (f.6).
c:\users\joka8837\onedrive\c++ projects\thenextfrontier\thenextfrontier\thenextfrontier\fontclass.cpp(3): warning C26495: Variable 'FontClass::mFontHeight' is uninitialized. Always initialize a member variable (type.6).
c:\users\joka8837\onedrive\c++ projects\thenextfrontier\thenextfrontier\thenextfrontier\fontclass.cpp(9): warning C26495: Variable 'FontClass::mFont' is uninitialized. Always initialize a member variable (type.6).
c:\users\joka8837\onedrive\c++ projects\thenextfrontier\thenextfrontier\thenextfrontier\fontshaderclass.cpp(3): warning C26439: This kind of function may not throw. Declare it 'noexcept' (f.6).
c:\users\joka8837\onedrive\c++ projects\thenextfrontier\thenextfrontier\thenextfrontier\fontshaderclass.cpp(13): warning C26495: Variable 'FontShaderClass::mVertexShader' is uninitialized. Always initialize a member variable (type.6).
c:\users\joka8837\onedrive\c++ projects\thenextfrontier\thenextfrontier\thenextfrontier\fpsclass.cpp(3): warning C26495: Variable 'FPSClass::mFPS' is uninitialized. Always initialize a member variable (type.6).
c:\users\joka8837\onedrive\c++ projects\thenextfrontier\thenextfrontier\thenextfrontier\fpsclass.cpp(3): warning C26439: This kind of function may not throw. Declare it 'noexcept' (f.6).
c:\users\joka8837\onedrive\c++ projects\thenextfrontier\thenextfrontier\thenextfrontier\fpsclass.cpp(7): warning C26495: Variable 'FPSClass::mFPS' is uninitialized. Always initialize a member variable (type.6).
c:\users\joka8837\onedrive\c++ projects\thenextfrontier\thenextfrontier\thenextfrontier\cimg.h(2434): warning C26439: This kind of function may not throw. Declare it 'noexcept' (f.6).
c:\users\joka8837\onedrive\c++ projects\thenextfrontier\thenextfrontier\thenextfrontier\cimg.h(2442): warning C26439: This kind of function may not throw. Declare it 'noexcept' (f.6).
c:\users\joka8837\onedrive\c++ projects\thenextfrontier\thenextfrontier\thenextfrontier\cimg.h(2443): warning C26434: Function 'cimg_library::CImgException::operator=' hides a non-virtual function 'std::exception::operator=' (c.128).
c:\users\joka8837\onedrive\c++ projects\thenextfrontier\thenextfrontier\thenextfrontier\cimg.h(2458): warning C26439: This kind of function may not throw. Declare it 'noexcept' (f.6).
c:\users\joka8837\onedrive\c++ projects\thenextfrontier\thenextfrontier\thenextfrontier\cimg.h(2466): warning C26439: This kind of function may not throw. Declare it 'noexcept' (f.6).
c:\users\joka8837\onedrive\c++ projects\thenextfrontier\thenextfrontier\thenextfrontier\cimg.h(2467): warning C26434: Function 'cimg_library::CImgAbortException::operator=' hides a non-virtual function 'std::exception::operator=' (c.128).
c:\users\joka8837\onedrive\c++ projects\thenextfrontier\thenextfrontier\thenextfrontier\cimg.h(2727): warning C26451: Arithmetic overflow: Using operator '*' on a 4 byte value and then casting the result to a 8 byte value. Cast the value to the wider type before calling operator '*' to avoid overflow (io.2).
c:\users\joka8837\onedrive\c++ projects\thenextfrontier\thenextfrontier\thenextfrontier\cimg.h(2986): warning C26439: This kind of function may not throw. Declare it 'noexcept' (f.6).
c:\users\joka8837\onedrive\c++ projects\thenextfrontier\thenextfrontier\thenextfrontier\cimg.h(3000): warning C26495: Variable 'cimg_library::cimg::Mutex_info::mutex' is uninitialized. Always initialize a member variable (type.6).
c:\users\joka8837\onedrive\c++ projects\thenextfrontier\thenextfrontier\thenextfrontier\cimg.h(3000): warning C26439: This kind of function may not throw. Declare it 'noexcept' (f.6).
c:\users\joka8837\onedrive\c++ projects\thenextfrontier\thenextfrontier\thenextfrontier\cimg.h(4422): warning C26451: Arithmetic overflow: Using operator '+' on a 4 byte value and then casting the result to a 8 byte value. Cast the value to the wider type before calling operator '+' to avoid overflow (io.2).
c:\users\joka8837\onedrive\c++ projects\thenextfrontier\thenextfrontier\thenextfrontier\cimg.h(5020): warning C6282: Incorrect operator:  assignment of constant in Boolean context. Consider using '==' instead.
c:\users\joka8837\onedrive\c++ projects\thenextfrontier\thenextfrontier\thenextfrontier\cimg.h(5035): warning C6031: Return value ignored: 'sscanf'.
c:\users\joka8837\onedrive\c++ projects\thenextfrontier\thenextfrontier\thenextfrontier\cimg.h(5038): warning C6031: Return value ignored: 'sscanf'.
c:\users\joka8837\onedrive\c++ projects\thenextfrontier\thenextfrontier\thenextfrontier\cimg.h(6036): warning C26495: Variable 'cimg_library::CImgDisplay::_is_keyPAD8' is uninitialized. Always initialize a member variable (type.6).
c:\users\joka8837\onedrive\c++ projects\thenextfrontier\thenextfrontier\thenextfrontier\cimg.h(6036): warning C26439: This kind of function may not throw. Declare it 'noexcept' (f.6).
c:\users\joka8837\onedrive\c++ projects\thenextfrontier\thenextfrontier\thenextfrontier\cimg.h(6058): warning C26495: Variable 'cimg_library::CImgDisplay::_is_keyPAD8' is uninitialized. Always initialize a member variable (type.6).
c:\users\joka8837\onedrive\c++ projects\thenextfrontier\thenextfrontier\thenextfrontier\cimg.h(6125): warning C26495: Variable 'cimg_library::CImgDisplay::_is_keyPAD8' is uninitialized. Always initialize a member variable (type.6).
c:\users\joka8837\onedrive\c++ projects\thenextfrontier\thenextfrontier\thenextfrontier\cimg.h(8866): warning C6001: Using uninitialized memory 'background_ccs'.
c:\users\joka8837\onedrive\c++ projects\thenextfrontier\thenextfrontier\thenextfrontier\cimg.h(8913): warning C6387: '_is_created' could be '0':  this does not adhere to the specification for the function 'WaitForSingleObject'. 
c:\users\joka8837\onedrive\c++ projects\thenextfrontier\thenextfrontier\thenextfrontier\cimg.h(8920): warning C6258: Using TerminateThread does not allow proper thread clean up.
c:\users\joka8837\onedrive\c++ projects\thenextfrontier\thenextfrontier\thenextfrontier\cimg.h(8997): warning C26451: Arithmetic overflow: Using operator '*' on a 4 byte value and then casting the result to a 8 byte value. Cast the value to the wider type before calling operator '*' to avoid overflow (io.2).
c:\users\joka8837\onedrive\c++ projects\thenextfrontier\thenextfrontier\thenextfrontier\cimg.h(56704): warning C26451: Arithmetic overflow: Using operator '+' on a 4 byte value and then casting the result to a 8 byte value. Cast the value to the wider type before calling operator '+' to avoid overflow (io.2).
c:\users\joka8837\onedrive\c++ projects\thenextfrontier\thenextfrontier\thenextfrontier\cimg.h(56919): warning C6031: Return value ignored: 'rename'.
c:\users\joka8837\onedrive\c++ projects\thenextfrontier\thenextfrontier\thenextfrontier\cimg.h(56926): warning C6031: Return value ignored: 'rename'.
c:\users\joka8837\onedrive\c++ projects\thenextfrontier\thenextfrontier\thenextfrontier\marsclass.h(58): warning C26495: Variable 'MarsClass::TriangleType::a' is uninitialized. Always initialize a member variable (type.6).
c:\users\joka8837\onedrive\c++ projects\thenextfrontier\thenextfrontier\thenextfrontier\marsclass.h(58): warning C26439: This kind of function may not throw. Declare it 'noexcept' (f.6).
c:\users\joka8837\onedrive\c++ projects\thenextfrontier\thenextfrontier\thenextfrontier\applicationclass.cpp(3): warning C26439: This kind of function may not throw. Declare it 'noexcept' (f.6).
c:\users\joka8837\onedrive\c++ projects\thenextfrontier\thenextfrontier\thenextfrontier\applicationclass.cpp(13): warning C26495: Variable 'ApplicationClass::mInput' is uninitialized. Always initialize a member variable (type.6).
c:\users\joka8837\onedrive\c++ projects\thenextfrontier\thenextfrontier\thenextfrontier\cimg.h(51202): warning C26439: This kind of function may not throw. Declare it 'noexcept' (f.6).
c:\users\joka8837\onedrive\c++ projects\thenextfrontier\thenextfrontier\thenextfrontier\cimg.h(9482): warning C26439: This kind of function may not throw. Declare it 'noexcept' (f.6).
c:\users\joka8837\onedrive\c++ projects\thenextfrontier\thenextfrontier\thenextfrontier\cimg.h(13958): warning C26495: Variable 'cimg_library::CImg<float>::_cimg_math_parser::p_code' is uninitialized. Always initialize a member variable (type.6).
c:\users\joka8837\onedrive\c++ projects\thenextfrontier\thenextfrontier\thenextfrontier\cimg.h(17260): warning C26451: Arithmetic overflow: Using operator '+' on a 4 byte value and then casting the result to a 8 byte value. Cast the value to the wider type before calling operator '+' to avoid overflow (io.2).
c:\users\joka8837\onedrive\c++ projects\thenextfrontier\thenextfrontier\thenextfrontier\cimg.h(17260): warning C26451: Arithmetic overflow: Using operator '+' on a 4 byte value and then casting the result to a 8 byte value. Cast the value to the wider type before calling operator '+' to avoid overflow (io.2).
c:\users\joka8837\onedrive\c++ projects\thenextfrontier\thenextfrontier\thenextfrontier\cimg.h(16877): warning C26451: Arithmetic overflow: Using operator '+' on a 4 byte value and then casting the result to a 8 byte value. Cast the value to the wider type before calling operator '+' to avoid overflow (io.2).
c:\users\joka8837\onedrive\c++ projects\thenextfrontier\thenextfrontier\thenextfrontier\cimg.h(16731): warning C26451: Arithmetic overflow: Using operator '+' on a 4 byte value and then casting the result to a 8 byte value. Cast the value to the wider type before calling operator '+' to avoid overflow (io.2).
c:\users\joka8837\onedrive\c++ projects\thenextfrontier\thenextfrontier\thenextfrontier\cimg.h(16132): warning C26451: Arithmetic overflow: Using operator '+' on a 4 byte value and then casting the result to a 8 byte value. Cast the value to the wider type before calling operator '+' to avoid overflow (io.2).
c:\users\joka8837\onedrive\c++ projects\thenextfrontier\thenextfrontier\thenextfrontier\cimg.h(17356): warning C26451: Arithmetic overflow: Using operator '-' on a 4 byte value and then casting the result to a 8 byte value. Cast the value to the wider type before calling operator '-' to avoid overflow (io.2).
c:\users\joka8837\onedrive\c++ projects\thenextfrontier\thenextfrontier\thenextfrontier\cimg.h(17323): warning C26451: Arithmetic overflow: Using operator '+' on a 4 byte value and then casting the result to a 8 byte value. Cast the value to the wider type before calling operator '+' to avoid overflow (io.2).
c:\users\joka8837\onedrive\c++ projects\thenextfrontier\thenextfrontier\thenextfrontier\cimg.h(17458): warning C26451: Arithmetic overflow: Using operator '+' on a 4 byte value and then casting the result to a 8 byte value. Cast the value to the wider type before calling operator '+' to avoid overflow (io.2).
c:\users\joka8837\onedrive\c++ projects\thenextfrontier\thenextfrontier\thenextfrontier\cimg.h(17458): warning C26451: Arithmetic overflow: Using operator '+' on a 4 byte value and then casting the result to a 8 byte value. Cast the value to the wider type before calling operator '+' to avoid overflow (io.2).
c:\users\joka8837\onedrive\c++ projects\thenextfrontier\thenextfrontier\thenextfrontier\cimg.h(17524): warning C26451: Arithmetic overflow: Using operator '*' on a 4 byte value and then casting the result to a 8 byte value. Cast the value to the wider type before calling operator '*' to avoid overflow (io.2).
c:\users\joka8837\onedrive\c++ projects\thenextfrontier\thenextfrontier\thenextfrontier\cimg.h(17578): warning C26451: Arithmetic overflow: Using operator '*' on a 4 byte value and then casting the result to a 8 byte value. Cast the value to the wider type before calling operator '*' to avoid overflow (io.2).
c:\users\joka8837\onedrive\c++ projects\thenextfrontier\thenextfrontier\thenextfrontier\cimg.h(17585): warning C26451: Arithmetic overflow: Using operator '*' on a 4 byte value and then casting the result to a 8 byte value. Cast the value to the wider type before calling operator '*' to avoid overflow (io.2).
c:\users\joka8837\onedrive\c++ projects\thenextfrontier\thenextfrontier\thenextfrontier\cimg.h(26244): warning C26451: Arithmetic overflow: Using operator '*' on a 4 byte value and then casting the result to a 8 byte value. Cast the value to the wider type before calling operator '*' to avoid overflow (io.2).
c:\users\joka8837\onedrive\c++ projects\thenextfrontier\thenextfrontier\thenextfrontier\cimg.h(26244): warning C26451: Arithmetic overflow: Using operator '*' on a 4 byte value and then casting the result to a 8 byte value. Cast the value to the wider type before calling operator '*' to avoid overflow (io.2).
c:\users\joka8837\onedrive\c++ projects\thenextfrontier\thenextfrontier\thenextfrontier\cimg.h(26244): warning C26451: Arithmetic overflow: Using operator '*' on a 4 byte value and then casting the result to a 8 byte value. Cast the value to the wider type before calling operator '*' to avoid overflow (io.2).
c:\users\joka8837\onedrive\c++ projects\thenextfrontier\thenextfrontier\thenextfrontier\cimg.h(52881): warning C6011: Dereferencing NULL pointer '_data'. 
c:\users\joka8837\onedrive\c++ projects\thenextfrontier\thenextfrontier\thenextfrontier\cimg.h(18724): warning C26451: Arithmetic overflow: Using operator '-' on a 4 byte value and then casting the result to a 8 byte value. Cast the value to the wider type before calling operator '-' to avoid overflow (io.2).
c:\users\joka8837\onedrive\c++ projects\thenextfrontier\thenextfrontier\thenextfrontier\cimg.h(18264): warning C26451: Arithmetic overflow: Using operator '*' on a 4 byte value and then casting the result to a 8 byte value. Cast the value to the wider type before calling operator '*' to avoid overflow (io.2).
c:\users\joka8837\onedrive\c++ projects\thenextfrontier\thenextfrontier\thenextfrontier\cimg.h(18264): warning C26451: Arithmetic overflow: Using operator '*' on a 4 byte value and then casting the result to a 8 byte value. Cast the value to the wider type before calling operator '*' to avoid overflow (io.2).
c:\users\joka8837\onedrive\c++ projects\thenextfrontier\thenextfrontier\thenextfrontier\cimg.h(18264): warning C26451: Arithmetic overflow: Using operator '*' on a 4 byte value and then casting the result to a 8 byte value. Cast the value to the wider type before calling operator '*' to avoid overflow (io.2).
c:\users\joka8837\onedrive\c++ projects\thenextfrontier\thenextfrontier\thenextfrontier\cimg.h(17918): warning C26451: Arithmetic overflow: Using operator '+' on a 4 byte value and then casting the result to a 8 byte value. Cast the value to the wider type before calling operator '+' to avoid overflow (io.2).
c:\users\joka8837\onedrive\c++ projects\thenextfrontier\thenextfrontier\thenextfrontier\cimg.h(17918): warning C26451: Arithmetic overflow: Using operator '+' on a 4 byte value and then casting the result to a 8 byte value. Cast the value to the wider type before calling operator '+' to avoid overflow (io.2).
c:\users\joka8837\onedrive\c++ projects\thenextfrontier\thenextfrontier\thenextfrontier\cimg.h(17904): warning C26451: Arithmetic overflow: Using operator '+' on a 4 byte value and then casting the result to a 8 byte value. Cast the value to the wider type before calling operator '+' to avoid overflow (io.2).
c:\users\joka8837\onedrive\c++ projects\thenextfrontier\thenextfrontier\thenextfrontier\cimg.h(17904): warning C26451: Arithmetic overflow: Using operator '+' on a 4 byte value and then casting the result to a 8 byte value. Cast the value to the wider type before calling operator '+' to avoid overflow (io.2).
c:\users\joka8837\onedrive\c++ projects\thenextfrontier\thenextfrontier\thenextfrontier\cimg.h(17891): warning C26451: Arithmetic overflow: Using operator '+' on a 4 byte value and then casting the result to a 8 byte value. Cast the value to the wider type before calling operator '+' to avoid overflow (io.2).
c:\users\joka8837\onedrive\c++ projects\thenextfrontier\thenextfrontier\thenextfrontier\cimg.h(17891): warning C26451: Arithmetic overflow: Using operator '+' on a 4 byte value and then casting the result to a 8 byte value. Cast the value to the wider type before calling operator '+' to avoid overflow (io.2).
c:\users\joka8837\onedrive\c++ projects\thenextfrontier\thenextfrontier\thenextfrontier\cimg.h(17878): warning C26451: Arithmetic overflow: Using operator '+' on a 4 byte value and then casting the result to a 8 byte value. Cast the value to the wider type before calling operator '+' to avoid overflow (io.2).
c:\users\joka8837\onedrive\c++ projects\thenextfrontier\thenextfrontier\thenextfrontier\cimg.h(17878): warning C26451: Arithmetic overflow: Using operator '+' on a 4 byte value and then casting the result to a 8 byte value. Cast the value to the wider type before calling operator '+' to avoid overflow (io.2).
c:\users\joka8837\onedrive\c++ projects\thenextfrontier\thenextfrontier\thenextfrontier\cimg.h(17878): warning C26451: Arithmetic overflow: Using operator '+' on a 4 byte value and then casting the result to a 8 byte value. Cast the value to the wider type before calling operator '+' to avoid overflow (io.2).
c:\users\joka8837\onedrive\c++ projects\thenextfrontier\thenextfrontier\thenextfrontier\cimg.h(17865): warning C26451: Arithmetic overflow: Using operator '+' on a 4 byte value and then casting the result to a 8 byte value. Cast the value to the wider type before calling operator '+' to avoid overflow (io.2).
c:\users\joka8837\onedrive\c++ projects\thenextfrontier\thenextfrontier\thenextfrontier\cimg.h(17865): warning C26451: Arithmetic overflow: Using operator '+' on a 4 byte value and then casting the result to a 8 byte value. Cast the value to the wider type before calling operator '+' to avoid overflow (io.2).
c:\users\joka8837\onedrive\c++ projects\thenextfrontier\thenextfrontier\thenextfrontier\cimg.h(17853): warning C26451: Arithmetic overflow: Using operator '+' on a 4 byte value and then casting the result to a 8 byte value. Cast the value to the wider type before calling operator '+' to avoid overflow (io.2).
c:\users\joka8837\onedrive\c++ projects\thenextfrontier\thenextfrontier\thenextfrontier\cimg.h(17853): warning C26451: Arithmetic overflow: Using operator '+' on a 4 byte value and then casting the result to a 8 byte value. Cast the value to the wider type before calling operator '+' to avoid overflow (io.2).
c:\users\joka8837\onedrive\c++ projects\thenextfrontier\thenextfrontier\thenextfrontier\cimg.h(17843): warning C26451: Arithmetic overflow: Using operator '+' on a 4 byte value and then casting the result to a 8 byte value. Cast the value to the wider type before calling operator '+' to avoid overflow (io.2).
c:\users\joka8837\onedrive\c++ projects\thenextfrontier\thenextfrontier\thenextfrontier\cimg.h(21751): warning C28182: Dereferencing NULL pointer. 'pm' contains the same NULL value as '_data' did. 
c:\users\joka8837\onedrive\c++ projects\thenextfrontier\thenextfrontier\thenextfrontier\cimg.h(21753): warning C28182: Dereferencing NULL pointer. 'ptrs' contains the same NULL value as '_data' did. See line 21751 for an earlier location where this can occur
c:\users\joka8837\onedrive\c++ projects\thenextfrontier\thenextfrontier\thenextfrontier\cimg.h(21771): warning C28182: Dereferencing NULL pointer. 'pM' contains the same NULL value as '_data' did. See line 21751 for an earlier location where this can occur
c:\users\joka8837\onedrive\c++ projects\thenextfrontier\thenextfrontier\thenextfrontier\cimg.h(26949): warning C26451: Arithmetic overflow: Using operator '+' on a 4 byte value and then casting the result to a 8 byte value. Cast the value to the wider type before calling operator '+' to avoid overflow (io.2).
c:\users\joka8837\onedrive\c++ projects\thenextfrontier\thenextfrontier\thenextfrontier\cimg.h(26949): warning C26451: Arithmetic overflow: Using operator '+' on a 4 byte value and then casting the result to a 8 byte value. Cast the value to the wider type before calling operator '+' to avoid overflow (io.2).
c:\users\joka8837\onedrive\c++ projects\thenextfrontier\thenextfrontier\thenextfrontier\cimg.h(26949): warning C26451: Arithmetic overflow: Using operator '+' on a 4 byte value and then casting the result to a 8 byte value. Cast the value to the wider type before calling operator '+' to avoid overflow (io.2).
c:\users\joka8837\onedrive\c++ projects\thenextfrontier\thenextfrontier\thenextfrontier\cimg.h(26978): warning C26451: Arithmetic overflow: Using operator '*' on a 4 byte value and then casting the result to a 8 byte value. Cast the value to the wider type before calling operator '*' to avoid overflow (io.2).
c:\users\joka8837\onedrive\c++ projects\thenextfrontier\thenextfrontier\thenextfrontier\cimg.h(26993): warning C26451: Arithmetic overflow: Using operator '*' on a 4 byte value and then casting the result to a 8 byte value. Cast the value to the wider type before calling operator '*' to avoid overflow (io.2).
c:\users\joka8837\onedrive\c++ projects\thenextfrontier\thenextfrontier\thenextfrontier\cimg.h(26995): warning C26451: Arithmetic overflow: Using operator '*' on a 4 byte value and then casting the result to a 8 byte value. Cast the value to the wider type before calling operator '*' to avoid overflow (io.2).
c:\users\joka8837\onedrive\c++ projects\thenextfrontier\thenextfrontier\thenextfrontier\cimg.h(26996): warning C26451: Arithmetic overflow: Using operator '+' on a 4 byte value and then casting the result to a 8 byte value. Cast the value to the wider type before calling operator '+' to avoid overflow (io.2).
c:\users\joka8837\onedrive\c++ projects\thenextfrontier\thenextfrontier\thenextfrontier\cimg.h(26996): warning C26451: Arithmetic overflow: Using operator '+' on a 4 byte value and then casting the result to a 8 byte value. Cast the value to the wider type before calling operator '+' to avoid overflow (io.2).
c:\users\joka8837\onedrive\c++ projects\thenextfrontier\thenextfrontier\thenextfrontier\cimg.h(26996): warning C26451: Arithmetic overflow: Using operator '+' on a 4 byte value and then casting the result to a 8 byte value. Cast the value to the wider type before calling operator '+' to avoid overflow (io.2).
c:\users\joka8837\onedrive\c++ projects\thenextfrontier\thenextfrontier\thenextfrontier\cimg.h(27027): warning C26451: Arithmetic overflow: Using operator '*' on a 4 byte value and then casting the result to a 8 byte value. Cast the value to the wider type before calling operator '*' to avoid overflow (io.2).
c:\users\joka8837\onedrive\c++ projects\thenextfrontier\thenextfrontier\thenextfrontier\cimg.h(27042): warning C26451: Arithmetic overflow: Using operator '*' on a 4 byte value and then casting the result to a 8 byte value. Cast the value to the wider type before calling operator '*' to avoid overflow (io.2).
c:\users\joka8837\onedrive\c++ projects\thenextfrontier\thenextfrontier\thenextfrontier\cimg.h(27044): warning C26451: Arithmetic overflow: Using operator '*' on a 4 byte value and then casting the result to a 8 byte value. Cast the value to the wider type before calling operator '*' to avoid overflow (io.2).
c:\users\joka8837\onedrive\c++ projects\thenextfrontier\thenextfrontier\thenextfrontier\cimg.h(27045): warning C26451: Arithmetic overflow: Using operator '+' on a 4 byte value and then casting the result to a 8 byte value. Cast the value to the wider type before calling operator '+' to avoid overflow (io.2).
c:\users\joka8837\onedrive\c++ projects\thenextfrontier\thenextfrontier\thenextfrontier\cimg.h(27045): warning C26451: Arithmetic overflow: Using operator '+' on a 4 byte value and then casting the result to a 8 byte value. Cast the value to the wider type before calling operator '+' to avoid overflow (io.2).
c:\users\joka8837\onedrive\c++ projects\thenextfrontier\thenextfrontier\thenextfrontier\cimg.h(27045): warning C26451: Arithmetic overflow: Using operator '+' on a 4 byte value and then casting the result to a 8 byte value. Cast the value to the wider type before calling operator '+' to avoid overflow (io.2).
c:\users\joka8837\onedrive\c++ projects\thenextfrontier\thenextfrontier\thenextfrontier\cimg.h(27077): warning C26451: Arithmetic overflow: Using operator '*' on a 4 byte value and then casting the result to a 8 byte value. Cast the value to the wider type before calling operator '*' to avoid overflow (io.2).
c:\users\joka8837\onedrive\c++ projects\thenextfrontier\thenextfrontier\thenextfrontier\cimg.h(27092): warning C26451: Arithmetic overflow: Using operator '*' on a 4 byte value and then casting the result to a 8 byte value. Cast the value to the wider type before calling operator '*' to avoid overflow (io.2).
c:\users\joka8837\onedrive\c++ projects\thenextfrontier\thenextfrontier\thenextfrontier\cimg.h(27094): warning C26451: Arithmetic overflow: Using operator '*' on a 4 byte value and then casting the result to a 8 byte value. Cast the value to the wider type before calling operator '*' to avoid overflow (io.2).
c:\users\joka8837\onedrive\c++ projects\thenextfrontier\thenextfrontier\thenextfrontier\cimg.h(27095): warning C26451: Arithmetic overflow: Using operator '+' on a 4 byte value and then casting the result to a 8 byte value. Cast the value to the wider type before calling operator '+' to avoid overflow (io.2).
c:\users\joka8837\onedrive\c++ projects\thenextfrontier\thenextfrontier\thenextfrontier\cimg.h(27095): warning C26451: Arithmetic overflow: Using operator '+' on a 4 byte value and then casting the result to a 8 byte value. Cast the value to the wider type before calling operator '+' to avoid overflow (io.2).
c:\users\joka8837\onedrive\c++ projects\thenextfrontier\thenextfrontier\thenextfrontier\cimg.h(27095): warning C26451: Arithmetic overflow: Using operator '+' on a 4 byte value and then casting the result to a 8 byte value. Cast the value to the wider type before calling operator '+' to avoid overflow (io.2).
c:\users\joka8837\onedrive\c++ projects\thenextfrontier\thenextfrontier\thenextfrontier\cimg.h(26764): warning C26451: Arithmetic overflow: Using operator '*' on a 4 byte value and then casting the result to a 8 byte value. Cast the value to the wider type before calling operator '*' to avoid overflow (io.2).
c:\users\joka8837\onedrive\c++ projects\thenextfrontier\thenextfrontier\thenextfrontier\cimg.h(26765): warning C26451: Arithmetic overflow: Using operator '*' on a 4 byte value and then casting the result to a 8 byte value. Cast the value to the wider type before calling operator '*' to avoid overflow (io.2).
c:\users\joka8837\onedrive\c++ projects\thenextfrontier\thenextfrontier\thenextfrontier\cimg.h(26765): warning C26451: Arithmetic overflow: Using operator '*' on a 4 byte value and then casting the result to a 8 byte value. Cast the value to the wider type before calling operator '*' to avoid overflow (io.2).
c:\users\joka8837\onedrive\c++ projects\thenextfrontier\thenextfrontier\thenextfrontier\cimg.h(26793): warning C26451: Arithmetic overflow: Using operator '*' on a 4 byte value and then casting the result to a 8 byte value. Cast the value to the wider type before calling operator '*' to avoid overflow (io.2).
c:\users\joka8837\onedrive\c++ projects\thenextfrontier\thenextfrontier\thenextfrontier\cimg.h(26803): warning C26451: Arithmetic overflow: Using operator '*' on a 4 byte value and then casting the result to a 8 byte value. Cast the value to the wider type before calling operator '*' to avoid overflow (io.2).
c:\users\joka8837\onedrive\c++ projects\thenextfrontier\thenextfrontier\thenextfrontier\cimg.h(26804): warning C26451: Arithmetic overflow: Using operator '*' on a 4 byte value and then casting the result to a 8 byte value. Cast the value to the wider type before calling operator '*' to avoid overflow (io.2).
c:\users\joka8837\onedrive\c++ projects\thenextfrontier\thenextfrontier\thenextfrontier\cimg.h(26805): warning C26451: Arithmetic overflow: Using operator '*' on a 4 byte value and then casting the result to a 8 byte value. Cast the value to the wider type before calling operator '*' to avoid overflow (io.2).
c:\users\joka8837\onedrive\c++ projects\thenextfrontier\thenextfrontier\thenextfrontier\cimg.h(26805): warning C26451: Arithmetic overflow: Using operator '*' on a 4 byte value and then casting the result to a 8 byte value. Cast the value to the wider type before calling operator '*' to avoid overflow (io.2).
c:\users\joka8837\onedrive\c++ projects\thenextfrontier\thenextfrontier\thenextfrontier\cimg.h(26835): warning C26451: Arithmetic overflow: Using operator '*' on a 4 byte value and then casting the result to a 8 byte value. Cast the value to the wider type before calling operator '*' to avoid overflow (io.2).
c:\users\joka8837\onedrive\c++ projects\thenextfrontier\thenextfrontier\thenextfrontier\cimg.h(26845): warning C26451: Arithmetic overflow: Using operator '*' on a 4 byte value and then casting the result to a 8 byte value. Cast the value to the wider type before calling operator '*' to avoid overflow (io.2).
c:\users\joka8837\onedrive\c++ projects\thenextfrontier\thenextfrontier\thenextfrontier\cimg.h(26846): warning C26451: Arithmetic overflow: Using operator '*' on a 4 byte value and then casting the result to a 8 byte value. Cast the value to the wider type before calling operator '*' to avoid overflow (io.2).
c:\users\joka8837\onedrive\c++ projects\thenextfrontier\thenextfrontier\thenextfrontier\cimg.h(26847): warning C26451: Arithmetic overflow: Using operator '*' on a 4 byte value and then casting the result to a 8 byte value. Cast the value to the wider type before calling operator '*' to avoid overflow (io.2).
c:\users\joka8837\onedrive\c++ projects\thenextfrontier\thenextfrontier\thenextfrontier\cimg.h(26847): warning C26451: Arithmetic overflow: Using operator '*' on a 4 byte value and then casting the result to a 8 byte value. Cast the value to the wider type before calling operator '*' to avoid overflow (io.2).
c:\users\joka8837\onedrive\c++ projects\thenextfrontier\thenextfrontier\thenextfrontier\cimg.h(26878): warning C26451: Arithmetic overflow: Using operator '*' on a 4 byte value and then casting the result to a 8 byte value. Cast the value to the wider type before calling operator '*' to avoid overflow (io.2).
c:\users\joka8837\onedrive\c++ projects\thenextfrontier\thenextfrontier\thenextfrontier\cimg.h(26888): warning C26451: Arithmetic overflow: Using operator '*' on a 4 byte value and then casting the result to a 8 byte value. Cast the value to the wider type before calling operator '*' to avoid overflow (io.2).
c:\users\joka8837\onedrive\c++ projects\thenextfrontier\thenextfrontier\thenextfrontier\cimg.h(26889): warning C26451: Arithmetic overflow: Using operator '*' on a 4 byte value and then casting the result to a 8 byte value. Cast the value to the wider type before calling operator '*' to avoid overflow (io.2).
c:\users\joka8837\onedrive\c++ projects\thenextfrontier\thenextfrontier\thenextfrontier\cimg.h(26890): warning C26451: Arithmetic overflow: Using operator '*' on a 4 byte value and then casting the result to a 8 byte value. Cast the value to the wider type before calling operator '*' to avoid overflow (io.2).
c:\users\joka8837\onedrive\c++ projects\thenextfrontier\thenextfrontier\thenextfrontier\cimg.h(26890): warning C26451: Arithmetic overflow: Using operator '*' on a 4 byte value and then casting the result to a 8 byte value. Cast the value to the wider type before calling operator '*' to avoid overflow (io.2).
c:\users\joka8837\onedrive\c++ projects\thenextfrontier\thenextfrontier\thenextfrontier\cimg.h(26542): warning C26451: Arithmetic overflow: Using operator '-' on a 4 byte value and then casting the result to a 8 byte value. Cast the value to the wider type before calling operator '-' to avoid overflow (io.2).
c:\users\joka8837\onedrive\c++ projects\thenextfrontier\thenextfrontier\thenextfrontier\cimg.h(26569): warning C26451: Arithmetic overflow: Using operator '*' on a 4 byte value and then casting the result to a 8 byte value. Cast the value to the wider type before calling operator '*' to avoid overflow (io.2).
c:\users\joka8837\onedrive\c++ projects\thenextfrontier\thenextfrontier\thenextfrontier\cimg.h(26576): warning C26451: Arithmetic overflow: Using operator '-' on a 4 byte value and then casting the result to a 8 byte value. Cast the value to the wider type before calling operator '-' to avoid overflow (io.2).
c:\users\joka8837\onedrive\c++ projects\thenextfrontier\thenextfrontier\thenextfrontier\cimg.h(26605): warning C26451: Arithmetic overflow: Using operator '*' on a 4 byte value and then casting the result to a 8 byte value. Cast the value to the wider type before calling operator '*' to avoid overflow (io.2).
c:\users\joka8837\onedrive\c++ projects\thenextfrontier\thenextfrontier\thenextfrontier\cimg.h(26612): warning C26451: Arithmetic overflow: Using operator '-' on a 4 byte value and then casting the result to a 8 byte value. Cast the value to the wider type before calling operator '-' to avoid overflow (io.2).
c:\users\joka8837\onedrive\c++ projects\thenextfrontier\thenextfrontier\thenextfrontier\cimg.h(26642): warning C26451: Arithmetic overflow: Using operator '*' on a 4 byte value and then casting the result to a 8 byte value. Cast the value to the wider type before calling operator '*' to avoid overflow (io.2).
c:\users\joka8837\onedrive\c++ projects\thenextfrontier\thenextfrontier\thenextfrontier\cimg.h(26649): warning C26451: Arithmetic overflow: Using operator '-' on a 4 byte value and then casting the result to a 8 byte value. Cast the value to the wider type before calling operator '-' to avoid overflow (io.2).
c:\users\joka8837\onedrive\c++ projects\thenextfrontier\thenextfrontier\thenextfrontier\cimg.h(26542): warning C26451: Arithmetic overflow: Using operator '+' on a 4 byte value and then casting the result to a 8 byte value. Cast the value to the wider type before calling operator '+' to avoid overflow (io.2).
c:\users\joka8837\onedrive\c++ projects\thenextfrontier\thenextfrontier\thenextfrontier\cimg.h(26542): warning C26451: Arithmetic overflow: Using operator '*' on a 4 byte value and then casting the result to a 8 byte value. Cast the value to the wider type before calling operator '*' to avoid overflow (io.2).
c:\users\joka8837\onedrive\c++ projects\thenextfrontier\thenextfrontier\thenextfrontier\cimg.h(26576): warning C26451: Arithmetic overflow: Using operator '+' on a 4 byte value and then casting the result to a 8 byte value. Cast the value to the wider type before calling operator '+' to avoid overflow (io.2).
c:\users\joka8837\onedrive\c++ projects\thenextfrontier\thenextfrontier\thenextfrontier\cimg.h(26576): warning C26451: Arithmetic overflow: Using operator '*' on a 4 byte value and then casting the result to a 8 byte value. Cast the value to the wider type before calling operator '*' to avoid overflow (io.2).
c:\users\joka8837\onedrive\c++ projects\thenextfrontier\thenextfrontier\thenextfrontier\cimg.h(26612): warning C26451: Arithmetic overflow: Using operator '+' on a 4 byte value and then casting the result to a 8 byte value. Cast the value to the wider type before calling operator '+' to avoid overflow (io.2).
c:\users\joka8837\onedrive\c++ projects\thenextfrontier\thenextfrontier\thenextfrontier\cimg.h(26612): warning C26451: Arithmetic overflow: Using operator '*' on a 4 byte value and then casting the result to a 8 byte value. Cast the value to the wider type before calling operator '*' to avoid overflow (io.2).
c:\users\joka8837\onedrive\c++ projects\thenextfrontier\thenextfrontier\thenextfrontier\cimg.h(26649): warning C26451: Arithmetic overflow: Using operator '+' on a 4 byte value and then casting the result to a 8 byte value. Cast the value to the wider type before calling operator '+' to avoid overflow (io.2).
c:\users\joka8837\onedrive\c++ projects\thenextfrontier\thenextfrontier\thenextfrontier\cimg.h(26649): warning C26451: Arithmetic overflow: Using operator '*' on a 4 byte value and then casting the result to a 8 byte value. Cast the value to the wider type before calling operator '*' to avoid overflow (io.2).
c:\users\joka8837\onedrive\c++ projects\thenextfrontier\thenextfrontier\thenextfrontier\cimg.h(40901): warning C26451: Arithmetic overflow: Using operator '-' on a 4 byte value and then casting the result to a 8 byte value. Cast the value to the wider type before calling operator '-' to avoid overflow (io.2).
c:\users\joka8837\onedrive\c++ projects\thenextfrontier\thenextfrontier\thenextfrontier\cimg.h(40902): warning C26451: Arithmetic overflow: Using operator '-' on a 4 byte value and then casting the result to a 8 byte value. Cast the value to the wider type before calling operator '-' to avoid overflow (io.2).
c:\users\joka8837\onedrive\c++ projects\thenextfrontier\thenextfrontier\thenextfrontier\cimg.h(40903): warning C26451: Arithmetic overflow: Using operator '-' on a 4 byte value and then casting the result to a 8 byte value. Cast the value to the wider type before calling operator '-' to avoid overflow (io.2).
c:\users\joka8837\onedrive\c++ projects\thenextfrontier\thenextfrontier\thenextfrontier\cimg.h(40904): warning C26451: Arithmetic overflow: Using operator '-' on a 4 byte value and then casting the result to a 8 byte value. Cast the value to the wider type before calling operator '-' to avoid overflow (io.2).
c:\users\joka8837\onedrive\c++ projects\thenextfrontier\thenextfrontier\thenextfrontier\cimg.h(40914): warning C26451: Arithmetic overflow: Using operator '+' on a 4 byte value and then casting the result to a 8 byte value. Cast the value to the wider type before calling operator '+' to avoid overflow (io.2).
c:\users\joka8837\onedrive\c++ projects\thenextfrontier\thenextfrontier\thenextfrontier\cimg.h(40914): warning C26451: Arithmetic overflow: Using operator '*' on a 4 byte value and then casting the result to a 8 byte value. Cast the value to the wider type before calling operator '*' to avoid overflow (io.2).
c:\users\joka8837\onedrive\c++ projects\thenextfrontier\thenextfrontier\thenextfrontier\cimg.h(27371): warning C26451: Arithmetic overflow: Using operator '*' on a 4 byte value and then casting the result to a 8 byte value. Cast the value to the wider type before calling operator '*' to avoid overflow (io.2).
c:\users\joka8837\onedrive\c++ projects\thenextfrontier\thenextfrontier\thenextfrontier\cimg.h(27371): warning C26451: Arithmetic overflow: Using operator '*' on a 4 byte value and then casting the result to a 8 byte value. Cast the value to the wider type before calling operator '*' to avoid overflow (io.2).
c:\users\joka8837\onedrive\c++ projects\thenextfrontier\thenextfrontier\thenextfrontier\cimg.h(27372): warning C26451: Arithmetic overflow: Using operator '*' on a 4 byte value and then casting the result to a 8 byte value. Cast the value to the wider type before calling operator '*' to avoid overflow (io.2).
c:\users\joka8837\onedrive\c++ projects\thenextfrontier\thenextfrontier\thenextfrontier\cimg.h(27372): warning C26451: Arithmetic overflow: Using operator '*' on a 4 byte value and then casting the result to a 8 byte value. Cast the value to the wider type before calling operator '*' to avoid overflow (io.2).
c:\users\joka8837\onedrive\c++ projects\thenextfrontier\thenextfrontier\thenextfrontier\cimg.h(27373): warning C26451: Arithmetic overflow: Using operator '*' on a 4 byte value and then casting the result to a 8 byte value. Cast the value to the wider type before calling operator '*' to avoid overflow (io.2).
c:\users\joka8837\onedrive\c++ projects\thenextfrontier\thenextfrontier\thenextfrontier\cimg.h(27373): warning C26451: Arithmetic overflow: Using operator '*' on a 4 byte value and then casting the result to a 8 byte value. Cast the value to the wider type before calling operator '*' to avoid overflow (io.2).
c:\users\joka8837\onedrive\c++ projects\thenextfrontier\thenextfrontier\thenextfrontier\cimg.h(27356): warning C26451: Arithmetic overflow: Using operator '*' on a 4 byte value and then casting the result to a 8 byte value. Cast the value to the wider type before calling operator '*' to avoid overflow (io.2).
c:\users\joka8837\onedrive\c++ projects\thenextfrontier\thenextfrontier\thenextfrontier\cimg.h(27357): warning C26451: Arithmetic overflow: Using operator '*' on a 4 byte value and then casting the result to a 8 byte value. Cast the value to the wider type before calling operator '*' to avoid overflow (io.2).
c:\users\joka8837\onedrive\c++ projects\thenextfrontier\thenextfrontier\thenextfrontier\cimg.h(27358): warning C26451: Arithmetic overflow: Using operator '*' on a 4 byte value and then casting the result to a 8 byte value. Cast the value to the wider type before calling operator '*' to avoid overflow (io.2).
c:\users\joka8837\onedrive\c++ projects\thenextfrontier\thenextfrontier\thenextfrontier\cimg.h(27363): warning C26451: Arithmetic overflow: Using operator '+' on a 4 byte value and then casting the result to a 8 byte value. Cast the value to the wider type before calling operator '+' to avoid overflow (io.2).
c:\users\joka8837\onedrive\c++ projects\thenextfrontier\thenextfrontier\thenextfrontier\cimg.h(27347): warning C26451: Arithmetic overflow: Using operator '+' on a 4 byte value and then casting the result to a 8 byte value. Cast the value to the wider type before calling operator '+' to avoid overflow (io.2).
c:\users\joka8837\onedrive\c++ projects\thenextfrontier\thenextfrontier\thenextfrontier\cimg.h(27331): warning C26451: Arithmetic overflow: Using operator '+' on a 4 byte value and then casting the result to a 8 byte value. Cast the value to the wider type before calling operator '+' to avoid overflow (io.2).
c:\users\joka8837\onedrive\c++ projects\thenextfrontier\thenextfrontier\thenextfrontier\cimg.h(47687): warning C6328: Size mismatch: 'unsigned __int64' passed as _Param_(16) when 'int' is required in call to 'fprintf'. 
c:\users\joka8837\onedrive\c++ projects\thenextfrontier\thenextfrontier\thenextfrontier\cimg.h(47699): warning C6011: Dereferencing NULL pointer '_data'. 
c:\users\joka8837\onedrive\c++ projects\thenextfrontier\thenextfrontier\thenextfrontier\cimg.h(43857): warning C26451: Arithmetic overflow: Using operator '*' on a 4 byte value and then casting the result to a 8 byte value. Cast the value to the wider type before calling operator '*' to avoid overflow (io.2).
c:\users\joka8837\onedrive\c++ projects\thenextfrontier\thenextfrontier\thenextfrontier\cimg.h(44123): warning C26451: Arithmetic overflow: Using operator '-' on a 4 byte value and then casting the result to a 8 byte value. Cast the value to the wider type before calling operator '-' to avoid overflow (io.2).
c:\users\joka8837\onedrive\c++ projects\thenextfrontier\thenextfrontier\thenextfrontier\cimg.h(44123): warning C26451: Arithmetic overflow: Using operator '-' on a 4 byte value and then casting the result to a 8 byte value. Cast the value to the wider type before calling operator '-' to avoid overflow (io.2).
c:\users\joka8837\onedrive\c++ projects\thenextfrontier\thenextfrontier\thenextfrontier\cimg.h(43957): warning C26444: Avoid unnamed objects with custom construction and destruction (es.84).
c:\users\joka8837\onedrive\c++ projects\thenextfrontier\thenextfrontier\thenextfrontier\cimg.h(50987): warning C6031: Return value ignored: 'rename'.
c:\users\joka8837\onedrive\c++ projects\thenextfrontier\thenextfrontier\thenextfrontier\cimg.h(50416): warning C6262: Function uses '24740' bytes of stack:  exceeds /analyze:stacksize '16384'.  Consider moving some data to heap.
c:\users\joka8837\onedrive\c++ projects\thenextfrontier\thenextfrontier\thenextfrontier\cimg.h(50289): warning C26451: Arithmetic overflow: Using operator '-' on a 4 byte value and then casting the result to a 8 byte value. Cast the value to the wider type before calling operator '-' to avoid overflow (io.2).
c:\users\joka8837\onedrive\c++ projects\thenextfrontier\thenextfrontier\thenextfrontier\cimg.h(49898): warning C6011: Dereferencing NULL pointer 'ptr3'. 
c:\users\joka8837\onedrive\c++ projects\thenextfrontier\thenextfrontier\thenextfrontier\cimg.h(49897): warning C6011: Dereferencing NULL pointer 'ptr2'. 
c:\users\joka8837\onedrive\c++ projects\thenextfrontier\thenextfrontier\thenextfrontier\cimg.h(49899): warning C6011: Dereferencing NULL pointer 'ptr4'. 
c:\users\joka8837\onedrive\c++ projects\thenextfrontier\thenextfrontier\thenextfrontier\cimg.h(49824): warning C6011: Dereferencing NULL pointer 'ptr2'. 
c:\users\joka8837\onedrive\c++ projects\thenextfrontier\thenextfrontier\thenextfrontier\cimg.h(49825): warning C6011: Dereferencing NULL pointer 'ptr3'. 
c:\users\joka8837\onedrive\c++ projects\thenextfrontier\thenextfrontier\thenextfrontier\cimg.h(49761): warning C6011: Dereferencing NULL pointer 'ptr_b'. 
c:\users\joka8837\onedrive\c++ projects\thenextfrontier\thenextfrontier\thenextfrontier\cimg.h(49760): warning C6011: Dereferencing NULL pointer 'ptr_g'. 
c:\users\joka8837\onedrive\c++ projects\thenextfrontier\thenextfrontier\thenextfrontier\cimg.h(49749): warning C26451: Arithmetic overflow: Using operator '*' on a 4 byte value and then casting the result to a 8 byte value. Cast the value to the wider type before calling operator '*' to avoid overflow (io.2).
c:\users\joka8837\onedrive\c++ projects\thenextfrontier\thenextfrontier\thenextfrontier\cimg.h(49764): warning C26451: Arithmetic overflow: Using operator '*' on a 4 byte value and then casting the result to a 8 byte value. Cast the value to the wider type before calling operator '*' to avoid overflow (io.2).
c:\users\joka8837\onedrive\c++ projects\thenextfrontier\thenextfrontier\thenextfrontier\cimg.h(49600): warning C6011: Dereferencing NULL pointer 'ptr_g'. 
c:\users\joka8837\onedrive\c++ projects\thenextfrontier\thenextfrontier\thenextfrontier\cimg.h(49601): warning C6011: Dereferencing NULL pointer 'ptr_b'. 
c:\users\joka8837\onedrive\c++ projects\thenextfrontier\thenextfrontier\thenextfrontier\cimg.h(49071): warning C6011: Dereferencing NULL pointer 'ptr_g'. 
c:\users\joka8837\onedrive\c++ projects\thenextfrontier\thenextfrontier\thenextfrontier\cimg.h(49070): warning C6011: Dereferencing NULL pointer 'ptr_b'. 
c:\users\joka8837\onedrive\c++ projects\thenextfrontier\thenextfrontier\thenextfrontier\cimg.h(49064): warning C26451: Arithmetic overflow: Using operator '*' on a 4 byte value and then casting the result to a 8 byte value. Cast the value to the wider type before calling operator '*' to avoid overflow (io.2).
c:\users\joka8837\onedrive\c++ projects\thenextfrontier\thenextfrontier\thenextfrontier\cimg.h(49064): warning C26451: Arithmetic overflow: Using operator '*' on a 4 byte value and then casting the result to a 8 byte value. Cast the value to the wider type before calling operator '*' to avoid overflow (io.2).
c:\users\joka8837\onedrive\c++ projects\thenextfrontier\thenextfrontier\thenextfrontier\cimg.h(49053): warning C26451: Arithmetic overflow: Using operator '*' on a 4 byte value and then casting the result to a 8 byte value. Cast the value to the wider type before calling operator '*' to avoid overflow (io.2).
c:\users\joka8837\onedrive\c++ projects\thenextfrontier\thenextfrontier\thenextfrontier\cimg.h(49075): warning C26451: Arithmetic overflow: Using operator '*' on a 4 byte value and then casting the result to a 8 byte value. Cast the value to the wider type before calling operator '*' to avoid overflow (io.2).
c:\users\joka8837\onedrive\c++ projects\thenextfrontier\thenextfrontier\thenextfrontier\cimg.h(49075): warning C26451: Arithmetic overflow: Using operator '*' on a 4 byte value and then casting the result to a 8 byte value. Cast the value to the wider type before calling operator '*' to avoid overflow (io.2).
c:\users\joka8837\onedrive\c++ projects\thenextfrontier\thenextfrontier\thenextfrontier\cimg.h(48919): warning C6031: Return value ignored: 'sscanf'.
c:\users\joka8837\onedrive\c++ projects\thenextfrontier\thenextfrontier\thenextfrontier\cimg.h(6953): warning C26451: Arithmetic overflow: Using operator '+' on a 4 byte value and then casting the result to a 8 byte value. Cast the value to the wider type before calling operator '+' to avoid overflow (io.2).
c:\users\joka8837\onedrive\c++ projects\thenextfrontier\thenextfrontier\thenextfrontier\cimg.h(4373): warning C6294: Ill-defined for-loop:  initial condition does not satisfy test.  Loop body not executed.
c:\users\joka8837\onedrive\c++ projects\thenextfrontier\thenextfrontier\thenextfrontier\cimg.h(40998): warning C26451: Arithmetic overflow: Using operator '-' on a 4 byte value and then casting the result to a 8 byte value. Cast the value to the wider type before calling operator '-' to avoid overflow (io.2).
c:\users\joka8837\onedrive\c++ projects\thenextfrontier\thenextfrontier\thenextfrontier\cimg.h(40999): warning C26451: Arithmetic overflow: Using operator '-' on a 4 byte value and then casting the result to a 8 byte value. Cast the value to the wider type before calling operator '-' to avoid overflow (io.2).
c:\users\joka8837\onedrive\c++ projects\thenextfrontier\thenextfrontier\thenextfrontier\cimg.h(41000): warning C26451: Arithmetic overflow: Using operator '-' on a 4 byte value and then casting the result to a 8 byte value. Cast the value to the wider type before calling operator '-' to avoid overflow (io.2).
c:\users\joka8837\onedrive\c++ projects\thenextfrontier\thenextfrontier\thenextfrontier\cimg.h(41001): warning C26451: Arithmetic overflow: Using operator '-' on a 4 byte value and then casting the result to a 8 byte value. Cast the value to the wider type before calling operator '-' to avoid overflow (io.2).
c:\users\joka8837\onedrive\c++ projects\thenextfrontier\thenextfrontier\thenextfrontier\cimg.h(41011): warning C26451: Arithmetic overflow: Using operator '*' on a 4 byte value and then casting the result to a 8 byte value. Cast the value to the wider type before calling operator '*' to avoid overflow (io.2).
c:\users\joka8837\onedrive\c++ projects\thenextfrontier\thenextfrontier\thenextfrontier\cimg.h(40857): warning C26451: Arithmetic overflow: Using operator '-' on a 4 byte value and then casting the result to a 8 byte value. Cast the value to the wider type before calling operator '-' to avoid overflow (io.2).
c:\users\joka8837\onedrive\c++ projects\thenextfrontier\thenextfrontier\thenextfrontier\cimg.h(40858): warning C26451: Arithmetic overflow: Using operator '-' on a 4 byte value and then casting the result to a 8 byte value. Cast the value to the wider type before calling operator '-' to avoid overflow (io.2).
c:\users\joka8837\onedrive\c++ projects\thenextfrontier\thenextfrontier\thenextfrontier\cimg.h(40859): warning C26451: Arithmetic overflow: Using operator '-' on a 4 byte value and then casting the result to a 8 byte value. Cast the value to the wider type before calling operator '-' to avoid overflow (io.2).
c:\users\joka8837\onedrive\c++ projects\thenextfrontier\thenextfrontier\thenextfrontier\cimg.h(40860): warning C26451: Arithmetic overflow: Using operator '-' on a 4 byte value and then casting the result to a 8 byte value. Cast the value to the wider type before calling operator '-' to avoid overflow (io.2).
c:\users\joka8837\onedrive\c++ projects\thenextfrontier\thenextfrontier\thenextfrontier\cimg.h(40868): warning C26451: Arithmetic overflow: Using operator '*' on a 4 byte value and then casting the result to a 8 byte value. Cast the value to the wider type before calling operator '*' to avoid overflow (io.2).
c:\users\joka8837\onedrive\c++ projects\thenextfrontier\thenextfrontier\thenextfrontier\cimg.h(27654): warning C6385: Reading invalid data from 'n_code':  the readable size is '4' bytes, but 'c%=4' bytes may be read.
c:\users\joka8837\onedrive\c++ projects\thenextfrontier\thenextfrontier\thenextfrontier\cimg.h(10995): warning C26451: Arithmetic overflow: Using operator '*' on a 4 byte value and then casting the result to a 8 byte value. Cast the value to the wider type before calling operator '*' to avoid overflow (io.2).
c:\users\joka8837\onedrive\c++ projects\thenextfrontier\thenextfrontier\thenextfrontier\cimg.h(55938): warning C6385: Reading invalid data from 'fonts':  the readable size is '_Old_30`240' bytes, but '256' bytes may be read.
c:\users\joka8837\onedrive\c++ projects\thenextfrontier\thenextfrontier\thenextfrontier\cimg.h(10543): warning C26451: Arithmetic overflow: Using operator '+' on a 4 byte value and then casting the result to a 8 byte value. Cast the value to the wider type before calling operator '+' to avoid overflow (io.2).
c:\users\joka8837\onedrive\c++ projects\thenextfrontier\thenextfrontier\thenextfrontier\cimg.h(51212): warning C26495: Variable 'cimg_library::CImgList<unsigned char>::_allocated_width' is uninitialized. Always initialize a member variable (type.6).
c:\users\joka8837\onedrive\c++ projects\thenextfrontier\thenextfrontier\thenextfrontier\cimg.h(6082): warning C26495: Variable 'cimg_library::CImgDisplay::_is_keyPAD8' is uninitialized. Always initialize a member variable (type.6).
c:\users\joka8837\onedrive\c++ projects\thenextfrontier\thenextfrontier\thenextfrontier\cimg.h(40343): warning C26451: Arithmetic overflow: Using operator '-' on a 4 byte value and then casting the result to a 8 byte value. Cast the value to the wider type before calling operator '-' to avoid overflow (io.2).
c:\users\joka8837\onedrive\c++ projects\thenextfrontier\thenextfrontier\thenextfrontier\cimg.h(40344): warning C26451: Arithmetic overflow: Using operator '-' on a 4 byte value and then casting the result to a 8 byte value. Cast the value to the wider type before calling operator '-' to avoid overflow (io.2).
c:\users\joka8837\onedrive\c++ projects\thenextfrontier\thenextfrontier\thenextfrontier\cimg.h(22260): warning C26451: Arithmetic overflow: Using operator '*' on a 4 byte value and then casting the result to a 8 byte value. Cast the value to the wider type before calling operator '*' to avoid overflow (io.2).
c:\users\joka8837\onedrive\c++ projects\thenextfrontier\thenextfrontier\thenextfrontier\cimg.h(37450): warning C26451: Arithmetic overflow: Using operator '*' on a 4 byte value and then casting the result to a 8 byte value. Cast the value to the wider type before calling operator '*' to avoid overflow (io.2).
c:\users\joka8837\onedrive\c++ projects\thenextfrontier\thenextfrontier\thenextfrontier\cimg.h(37450): warning C26451: Arithmetic overflow: Using operator '*' on a 4 byte value and then casting the result to a 8 byte value. Cast the value to the wider type before calling operator '*' to avoid overflow (io.2).
c:\users\joka8837\onedrive\c++ projects\thenextfrontier\thenextfrontier\thenextfrontier\cimg.h(37459): warning C26451: Arithmetic overflow: Using operator '*' on a 4 byte value and then casting the result to a 8 byte value. Cast the value to the wider type before calling operator '*' to avoid overflow (io.2).
c:\users\joka8837\onedrive\c++ projects\thenextfrontier\thenextfrontier\thenextfrontier\cimg.h(37459): warning C26451: Arithmetic overflow: Using operator '*' on a 4 byte value and then casting the result to a 8 byte value. Cast the value to the wider type before calling operator '*' to avoid overflow (io.2).
c:\users\joka8837\onedrive\c++ projects\thenextfrontier\thenextfrontier\thenextfrontier\cimg.h(37470): warning C26451: Arithmetic overflow: Using operator '*' on a 4 byte value and then casting the result to a 8 byte value. Cast the value to the wider type before calling operator '*' to avoid overflow (io.2).
c:\users\joka8837\onedrive\c++ projects\thenextfrontier\thenextfrontier\thenextfrontier\cimg.h(37470): warning C26451: Arithmetic overflow: Using operator '*' on a 4 byte value and then casting the result to a 8 byte value. Cast the value to the wider type before calling operator '*' to avoid overflow (io.2).
c:\users\joka8837\onedrive\c++ projects\thenextfrontier\thenextfrontier\thenextfrontier\cimg.h(37479): warning C26451: Arithmetic overflow: Using operator '*' on a 4 byte value and then casting the result to a 8 byte value. Cast the value to the wider type before calling operator '*' to avoid overflow (io.2).
c:\users\joka8837\onedrive\c++ projects\thenextfrontier\thenextfrontier\thenextfrontier\cimg.h(37479): warning C26451: Arithmetic overflow: Using operator '*' on a 4 byte value and then casting the result to a 8 byte value. Cast the value to the wider type before calling operator '*' to avoid overflow (io.2).
c:\users\joka8837\onedrive\c++ projects\thenextfrontier\thenextfrontier\thenextfrontier\cimg.h(38669): warning C6011: Dereferencing NULL pointer 'ptrz'. 
c:\users\joka8837\onedrive\c++ projects\thenextfrontier\thenextfrontier\thenextfrontier\cimg.h(38837): warning C6011: Dereferencing NULL pointer 'ptrz'. 
c:\users\joka8837\onedrive\c++ projects\thenextfrontier\thenextfrontier\thenextfrontier\cimg.h(36923): warning C26451: Arithmetic overflow: Using operator '+' on a 4 byte value and then casting the result to a 8 byte value. Cast the value to the wider type before calling operator '+' to avoid overflow (io.2).
c:\users\joka8837\onedrive\c++ projects\thenextfrontier\thenextfrontier\thenextfrontier\cimg.h(36933): warning C26451: Arithmetic overflow: Using operator '+' on a 4 byte value and then casting the result to a 8 byte value. Cast the value to the wider type before calling operator '+' to avoid overflow (io.2).
c:\users\joka8837\onedrive\c++ projects\thenextfrontier\thenextfrontier\thenextfrontier\cimg.h(36943): warning C26451: Arithmetic overflow: Using operator '+' on a 4 byte value and then casting the result to a 8 byte value. Cast the value to the wider type before calling operator '+' to avoid overflow (io.2).
c:\users\joka8837\onedrive\c++ projects\thenextfrontier\thenextfrontier\thenextfrontier\frustumclass.cpp(16): warning C26495: Variable 'FrustumClass::mPlane' is uninitialized. Always initialize a member variable (type.6).
c:\users\joka8837\onedrive\c++ projects\thenextfrontier\thenextfrontier\thenextfrontier\frustumclass.cpp(16): warning C26439: This kind of function may not throw. Declare it 'noexcept' (f.6).
c:\users\joka8837\onedrive\c++ projects\thenextfrontier\thenextfrontier\thenextfrontier\frustumclass.cpp(20): warning C26495: Variable 'FrustumClass::mPlane' is uninitialized. Always initialize a member variable (type.6).
c:\users\joka8837\onedrive\c++ projects\thenextfrontier\thenextfrontier\thenextfrontier\frustumclass.cpp(286): warning C6282: Incorrect operator:  assignment of constant in Boolean context. Consider using '==' instead.
c:\users\joka8837\onedrive\c++ projects\thenextfrontier\thenextfrontier\thenextfrontier\frustumclass.cpp(303): warning C6282: Incorrect operator:  assignment of constant in Boolean context. Consider using '==' instead.
c:\users\joka8837\onedrive\c++ projects\thenextfrontier\thenextfrontier\thenextfrontier\inputclass.cpp(3): warning C26495: Variable 'InputClass::mKeyboardState' is uninitialized. Always initialize a member variable (type.6).
c:\users\joka8837\onedrive\c++ projects\thenextfrontier\thenextfrontier\thenextfrontier\inputclass.cpp(3): warning C26439: This kind of function may not throw. Declare it 'noexcept' (f.6).
c:\users\joka8837\onedrive\c++ projects\thenextfrontier\thenextfrontier\thenextfrontier\inputclass.cpp(10): warning C26495: Variable 'InputClass::mDirectInput' is uninitialized. Always initialize a member variable (type.6).
c:\users\joka8837\onedrive\c++ projects\thenextfrontier\thenextfrontier\thenextfrontier\marsclass.cpp(3): warning C26495: Variable 'MarsClass::mMarsRadius' is uninitialized. Always initialize a member variable (type.6).
c:\users\joka8837\onedrive\c++ projects\thenextfrontier\thenextfrontier\thenextfrontier\marsclass.cpp(3): warning C26439: This kind of function may not throw. Declare it 'noexcept' (f.6).
c:\users\joka8837\onedrive\c++ projects\thenextfrontier\thenextfrontier\thenextfrontier\marsclass.cpp(13): warning C26495: Variable 'MarsClass::mVertexBuffer' is uninitialized. Always initialize a member variable (type.6).
c:\users\joka8837\onedrive\c++ projects\thenextfrontier\thenextfrontier\thenextfrontier\mousepointerclass.cpp(3): warning C26439: This kind of function may not throw. Declare it 'noexcept' (f.6).
c:\users\joka8837\onedrive\c++ projects\thenextfrontier\thenextfrontier\thenextfrontier\mousepointerclass.cpp(3): warning C26495: Variable 'MousePointerClass::mVertexBuffer' is uninitialized. Always initialize a member variable (type.6).
c:\users\joka8837\onedrive\c++ projects\thenextfrontier\thenextfrontier\thenextfrontier\mousepointerclass.cpp(7): warning C26495: Variable 'MousePointerClass::mVertexBuffer' is uninitialized. Always initialize a member variable (type.6).
c:\users\joka8837\onedrive\c++ projects\thenextfrontier\thenextfrontier\thenextfrontier\mousepointerclass.cpp(169): warning C6385: Reading invalid data from 'vertices':  the readable size is '_Old_3`sizeof(MousePointerClass::VertexType)*mVertexCount' bytes, but '40' bytes may be read.
c:\users\joka8837\onedrive\c++ projects\thenextfrontier\thenextfrontier\thenextfrontier\mousepointershaderclass.cpp(3): warning C26439: This kind of function may not throw. Declare it 'noexcept' (f.6).
c:\users\joka8837\onedrive\c++ projects\thenextfrontier\thenextfrontier\thenextfrontier\mousepointershaderclass.cpp(12): warning C26495: Variable 'MousePointerShaderClass::mVertexShader' is uninitialized. Always initialize a member variable (type.6).
c:\users\joka8837\onedrive\c++ projects\thenextfrontier\thenextfrontier\thenextfrontier\positionclass.cpp(3): warning C26439: This kind of function may not throw. Declare it 'noexcept' (f.6).
c:\users\joka8837\onedrive\c++ projects\thenextfrontier\thenextfrontier\thenextfrontier\positionclass.cpp(25): warning C26495: Variable 'PositionClass::mPositionX' is uninitialized. Always initialize a member variable (type.6).
c:\users\joka8837\onedrive\c++ projects\thenextfrontier\thenextfrontier\thenextfrontier\shadermanagerclass.cpp(3): warning C26439: This kind of function may not throw. Declare it 'noexcept' (f.6).
c:\users\joka8837\onedrive\c++ projects\thenextfrontier\thenextfrontier\thenextfrontier\shadermanagerclass.cpp(10): warning C26495: Variable 'ShaderManagerClass::mMarsShader' is uninitialized. Always initialize a member variable (type.6).
c:\users\joka8837\onedrive\c++ projects\thenextfrontier\thenextfrontier\thenextfrontier\systemclass.cpp(3): warning C26495: Variable 'SystemClass::mHInstance' is uninitialized. Always initialize a member variable (type.6).
c:\users\joka8837\onedrive\c++ projects\thenextfrontier\thenextfrontier\thenextfrontier\systemclass.cpp(3): warning C26439: This kind of function may not throw. Declare it 'noexcept' (f.6).
c:\users\joka8837\onedrive\c++ projects\thenextfrontier\thenextfrontier\thenextfrontier\systemclass.cpp(8): warning C26495: Variable 'SystemClass::mHInstance' is uninitialized. Always initialize a member variable (type.6).
c:\users\joka8837\onedrive\c++ projects\thenextfrontier\thenextfrontier\thenextfrontier\textclass.cpp(3): warning C26439: This kind of function may not throw. Declare it 'noexcept' (f.6).
c:\users\joka8837\onedrive\c++ projects\thenextfrontier\thenextfrontier\thenextfrontier\textclass.cpp(3): warning C26495: Variable 'TextClass::mScreenWidth' is uninitialized. Always initialize a member variable (type.6).
c:\users\joka8837\onedrive\c++ projects\thenextfrontier\thenextfrontier\thenextfrontier\textclass.cpp(11): warning C26495: Variable 'TextClass::mVertexBuffer' is uninitialized. Always initialize a member variable (type.6).
c:\users\joka8837\onedrive\c++ projects\thenextfrontier\thenextfrontier\thenextfrontier\textclass.cpp(161): warning C6216: Compiler-inserted cast between semantically different integral types:  a Boolean type to HRESULT.
c:\users\joka8837\onedrive\c++ projects\thenextfrontier\thenextfrontier\thenextfrontier\textclass.cpp(162): warning C6217: Implicit cast between semantically different integer types:  testing HRESULT with 'not'.  Consider using SUCCEEDED or FAILED macro instead.
c:\users\joka8837\onedrive\c++ projects\thenextfrontier\thenextfrontier\thenextfrontier\textureclass.cpp(3): warning C26439: This kind of function may not throw. Declare it 'noexcept' (f.6).
c:\users\joka8837\onedrive\c++ projects\thenextfrontier\thenextfrontier\thenextfrontier\textureclass.cpp(10): warning C26495: Variable 'TextureClass::mTextureView' is uninitialized. Always initialize a member variable (type.6).
c:\users\joka8837\onedrive\c++ projects\thenextfrontier\thenextfrontier\thenextfrontier\textureclass.cpp(116): warning C6387: 'filePtr' could be '0':  this does not adhere to the specification for the function 'fread'. 
c:\users\joka8837\onedrive\c++ projects\thenextfrontier\thenextfrontier\thenextfrontier\textureclass.cpp(145): warning C6387: 'filePtr' could be '0':  this does not adhere to the specification for the function 'fclose'. See line 116 for an earlier location where this can occur
c:\users\joka8837\onedrive\c++ projects\thenextfrontier\thenextfrontier\thenextfrontier\textureclass.cpp(165): warning C6386: Buffer overrun while writing to 'mTargaData':  the writable size is 'imageSize*1' bytes, but '5' bytes might be written.
c:\users\joka8837\onedrive\c++ projects\thenextfrontier\thenextfrontier\thenextfrontier\thenextfrontier.cpp(3): warning C28251: Inconsistent annotation for 'WinMain': this instance has no annotations. See c:\program files (x86)\windows kits\10\include\10.0.17134.0\um\winbase.h(912). 
c:\users\joka8837\onedrive\c++ projects\thenextfrontier\thenextfrontier\thenextfrontier\timerclass.cpp(3): warning C26495: Variable 'TimerClass::mStartTime' is uninitialized. Always initialize a member variable (type.6).
c:\users\joka8837\onedrive\c++ projects\thenextfrontier\thenextfrontier\thenextfrontier\timerclass.cpp(3): warning C26439: This kind of function may not throw. Declare it 'noexcept' (f.6).
c:\users\joka8837\onedrive\c++ projects\thenextfrontier\thenextfrontier\thenextfrontier\timerclass.cpp(7): warning C26495: Variable 'TimerClass::mStartTime' is uninitialized. Always initialize a member variable (type.6).
c:\users\joka8837\onedrive\c++ projects\thenextfrontier\thenextfrontier\thenextfrontier\uiclass.cpp(3): warning C26439: This kind of function may not throw. Declare it 'noexcept' (f.6).
c:\users\joka8837\onedrive\c++ projects\thenextfrontier\thenextfrontier\thenextfrontier\uiclass.cpp(3): warning C26495: Variable 'UIClass::mPreviousFPS' is uninitialized. Always initialize a member variable (type.6).
c:\users\joka8837\onedrive\c++ projects\thenextfrontier\thenextfrontier\thenextfrontier\uiclass.cpp(13): warning C26495: Variable 'UIClass::mFont1' is uninitialized. Always initialize a member variable (type.6).
c:\users\joka8837\onedrive\c++ projects\thenextfrontier\thenextfrontier\thenextfrontier\uiclass.cpp(65): warning C6054: String 'tempString' might not be zero-terminated.
c:\users\joka8837\onedrive\c++ projects\thenextfrontier\thenextfrontier\thenextfrontier\uiclass.cpp(274): warning C6054: String 'tempString' might not be zero-terminated.
c:\users\joka8837\onedrive\c++ projects\thenextfrontier\thenextfrontier\thenextfrontier\uiclass.cpp(395): warning C6054: String 'tempString' might not be zero-terminated.
c:\users\joka8837\onedrive\c++ projects\thenextfrontier\thenextfrontier\thenextfrontier\uiclass.cpp(416): warning C6054: String 'tempString' might not be zero-terminated.
c:\users\joka8837\onedrive\c++ projects\thenextfrontier\thenextfrontier\thenextfrontier\uiclass.cpp(436): warning C6054: String 'tempString' might not be zero-terminated.
c:\users\joka8837\onedrive\c++ projects\thenextfrontier\thenextfrontier\thenextfrontier\universeclass.cpp(3): warning C26495: Variable 'UniverseClass::mDisplayUI' is uninitialized. Always initialize a member variable (type.6).
c:\users\joka8837\onedrive\c++ projects\thenextfrontier\thenextfrontier\thenextfrontier\universeclass.cpp(3): warning C26439: This kind of function may not throw. Declare it 'noexcept' (f.6).
c:\users\joka8837\onedrive\c++ projects\thenextfrontier\thenextfrontier\thenextfrontier\universeclass.cpp(13): warning C26495: Variable 'UniverseClass::mUI' is uninitialized. Always initialize a member variable (type.6).
