c:\users\joka8837\onedrive\c++ projects\thenextfrontier\thenextfrontier\thenextfrontier\x64\release\vc141.pdb
c:\users\joka8837\onedrive\c++ projects\thenextfrontier\thenextfrontier\thenextfrontier\x64\release\shadermanagerclass.obj
c:\users\joka8837\onedrive\c++ projects\thenextfrontier\thenextfrontier\thenextfrontier\x64\release\positionclass.obj
c:\users\joka8837\onedrive\c++ projects\thenextfrontier\thenextfrontier\thenextfrontier\x64\release\mousepointershaderclass.obj
c:\users\joka8837\onedrive\c++ projects\thenextfrontier\thenextfrontier\thenextfrontier\x64\release\mousepointerclass.obj
c:\users\joka8837\onedrive\c++ projects\thenextfrontier\thenextfrontier\thenextfrontier\x64\release\marsclass.obj
c:\users\joka8837\onedrive\c++ projects\thenextfrontier\thenextfrontier\thenextfrontier\x64\release\inputclass.obj
c:\users\joka8837\onedrive\c++ projects\thenextfrontier\thenextfrontier\thenextfrontier\x64\release\frustumclass.obj
c:\users\joka8837\onedrive\c++ projects\thenextfrontier\thenextfrontier\thenextfrontier\x64\release\applicationclass.obj
c:\users\joka8837\onedrive\c++ projects\thenextfrontier\thenextfrontier\thenextfrontier\x64\release\fpsclass.obj
c:\users\joka8837\onedrive\c++ projects\thenextfrontier\thenextfrontier\thenextfrontier\x64\release\fontshaderclass.obj
c:\users\joka8837\onedrive\c++ projects\thenextfrontier\thenextfrontier\thenextfrontier\x64\release\d3dclass.obj
c:\users\joka8837\onedrive\c++ projects\thenextfrontier\thenextfrontier\thenextfrontier\x64\release\marsshaderclass.obj
c:\users\joka8837\onedrive\c++ projects\thenextfrontier\thenextfrontier\thenextfrontier\x64\release\marsatmosphereshaderclass.obj
c:\users\joka8837\onedrive\c++ projects\thenextfrontier\thenextfrontier\thenextfrontier\x64\release\marsatmosphereclass.obj
c:\users\joka8837\onedrive\c++ projects\thenextfrontier\thenextfrontier\thenextfrontier\x64\release\lightclass.obj
c:\users\joka8837\onedrive\c++ projects\thenextfrontier\thenextfrontier\thenextfrontier\x64\release\guishaderclass.obj
c:\users\joka8837\onedrive\c++ projects\thenextfrontier\thenextfrontier\thenextfrontier\x64\release\guiclass.obj
c:\users\joka8837\onedrive\c++ projects\thenextfrontier\thenextfrontier\thenextfrontier\x64\release\gametimeclass.obj
c:\users\joka8837\onedrive\c++ projects\thenextfrontier\thenextfrontier\thenextfrontier\x64\release\cameraclass.obj
c:\users\joka8837\onedrive\c++ projects\thenextfrontier\thenextfrontier\thenextfrontier\x64\release\universeclass.obj
c:\users\joka8837\onedrive\c++ projects\thenextfrontier\thenextfrontier\thenextfrontier\x64\release\timerclass.obj
c:\users\joka8837\onedrive\c++ projects\thenextfrontier\thenextfrontier\thenextfrontier\x64\release\thenextfrontier.obj
c:\users\joka8837\onedrive\c++ projects\thenextfrontier\thenextfrontier\thenextfrontier\x64\release\textureclass.obj
c:\users\joka8837\onedrive\c++ projects\thenextfrontier\thenextfrontier\thenextfrontier\x64\release\systemclass.obj
c:\users\joka8837\onedrive\c++ projects\thenextfrontier\thenextfrontier\thenextfrontier\x64\release\fontclass.obj
c:\users\joka8837\onedrive\c++ projects\thenextfrontier\thenextfrontier\thenextfrontier\x64\release\textclass.obj
c:\users\joka8837\onedrive\c++ projects\thenextfrontier\thenextfrontier\thenextfrontier\x64\release\uiclass.obj
c:\users\joka8837\onedrive\c++ projects\thenextfrontier\thenextfrontier\thenextfrontier\x64\release\thenextfrontier.tlog\cl.command.1.tlog
c:\users\joka8837\onedrive\c++ projects\thenextfrontier\thenextfrontier\thenextfrontier\x64\release\thenextfrontier.tlog\cl.read.1.tlog
c:\users\joka8837\onedrive\c++ projects\thenextfrontier\thenextfrontier\thenextfrontier\x64\release\thenextfrontier.tlog\cl.write.1.tlog
c:\users\joka8837\onedrive\c++ projects\thenextfrontier\thenextfrontier\thenextfrontier\x64\release\thenextfrontier.tlog\fxc.command.1.tlog
c:\users\joka8837\onedrive\c++ projects\thenextfrontier\thenextfrontier\thenextfrontier\x64\release\thenextfrontier.tlog\fxc.read.1.tlog
c:\users\joka8837\onedrive\c++ projects\thenextfrontier\thenextfrontier\thenextfrontier\x64\release\thenextfrontier.tlog\link.command.1.tlog
c:\users\joka8837\onedrive\c++ projects\thenextfrontier\thenextfrontier\thenextfrontier\x64\release\thenextfrontier.tlog\link.read.1.tlog
c:\users\joka8837\onedrive\c++ projects\thenextfrontier\thenextfrontier\thenextfrontier\x64\release\thenextfrontier.tlog\link.write.1.tlog
